# JRE version: OpenJDK Runtime Environment (11.0.22+7) (build 11.0.22+7-post-Ubuntu-0ubuntu222.04.1)
# Java VM: OpenJDK 64-Bit Server VM (11.0.22+7-post-Ubuntu-0ubuntu222.04.1, mixed mode, sharing, tiered, compressed oops, g1 gc, linux-amd64)
Heap:
 garbage-first heap   total 497664K, used 342208K [0x000000075ae00000, 0x0000000800000000)
  region size 1024K, 222 young (227328K), 9 survivors (9216K)
 Metaspace       used 72980K, capacity 76391K, committed 76520K, reserved 1116172K
  class space    used 8129K, capacity 9747K, committed 9824K, reserved 1048576K
GC Heap History (20 events):
Event: 25,978 GC heap before
{Heap before GC invocations=14 (full 0):
 garbage-first heap   total 413696K, used 269998K [0x000000075ae00000, 0x0000000800000000)
  region size 1024K, 242 young (247808K), 14 survivors (14336K)
 Metaspace       used 42141K, capacity 44649K, committed 44988K, reserved 1087500K
  class space    used 5287K, capacity 6328K, committed 6400K, reserved 1048576K
}
Event: 25,993 GC heap after
{Heap after GC invocations=15 (full 0):
 garbage-first heap   total 413696K, used 38670K [0x000000075ae00000, 0x0000000800000000)
  region size 1024K, 16 young (16384K), 16 survivors (16384K)
 Metaspace       used 42141K, capacity 44649K, committed 44988K, reserved 1087500K
  class space    used 5287K, capacity 6328K, committed 6400K, reserved 1048576K
}
Event: 27,697 GC heap before
{Heap before GC invocations=15 (full 0):
 garbage-first heap   total 413696K, used 270094K [0x000000075ae00000, 0x0000000800000000)
  region size 1024K, 242 young (247808K), 16 survivors (16384K)
 Metaspace       used 42412K, capacity 45004K, committed 45372K, reserved 1087500K
  class space    used 5333K, capacity 6411K, committed 6528K, reserved 1048576K
}
Event: 27,731 GC heap after
{Heap after GC invocations=16 (full 0):
 garbage-first heap   total 413696K, used 57350K [0x000000075ae00000, 0x0000000800000000)
  region size 1024K, 31 young (31744K), 31 survivors (31744K)
 Metaspace       used 42412K, capacity 45004K, committed 45372K, reserved 1087500K
  class space    used 5333K, capacity 6411K, committed 6528K, reserved 1048576K
}
Event: 28,119 GC heap before
{Heap before GC invocations=16 (full 0):
 garbage-first heap   total 413696K, used 273414K [0x000000075ae00000, 0x0000000800000000)
  region size 1024K, 242 young (247808K), 31 survivors (31744K)
 Metaspace       used 42412K, capacity 45004K, committed 45372K, reserved 1087500K
  class space    used 5333K, capacity 6411K, committed 6528K, reserved 1048576K
}
Event: 28,177 GC heap after
{Heap after GC invocations=17 (full 0):
 garbage-first heap   total 413696K, used 89017K [0x000000075ae00000, 0x0000000800000000)
  region size 1024K, 31 young (31744K), 31 survivors (31744K)
 Metaspace       used 42412K, capacity 45004K, committed 45372K, reserved 1087500K
  class space    used 5333K, capacity 6411K, committed 6528K, reserved 1048576K
}
Event: 29,533 GC heap before
{Heap before GC invocations=17 (full 0):
 garbage-first heap   total 413696K, used 293817K [0x000000075ae00000, 0x0000000800000000)
  region size 1024K, 231 young (236544K), 31 survivors (31744K)
 Metaspace       used 57351K, capacity 59904K, committed 60240K, reserved 1101836K
  class space    used 6661K, capacity 7828K, committed 7828K, reserved 1048576K
}
Event: 29,585 GC heap after
{Heap after GC invocations=18 (full 0):
 garbage-first heap   total 497664K, used 115920K [0x000000075ae00000, 0x0000000800000000)
  region size 1024K, 25 young (25600K), 25 survivors (25600K)
 Metaspace       used 57351K, capacity 59904K, committed 60240K, reserved 1101836K
  class space    used 6661K, capacity 7828K, committed 7828K, reserved 1048576K
}
Event: 40,860 GC heap before
{Heap before GC invocations=19 (full 0):
 garbage-first heap   total 497664K, used 352464K [0x000000075ae00000, 0x0000000800000000)
  region size 1024K, 256 young (262144K), 25 survivors (25600K)
 Metaspace       used 67913K, capacity 70715K, committed 71016K, reserved 1112076K
  class space    used 7447K, capacity 8816K, committed 8928K, reserved 1048576K
}
Event: 40,917 GC heap after
{Heap after GC invocations=20 (full 0):
 garbage-first heap   total 497664K, used 122064K [0x000000075ae00000, 0x0000000800000000)
  region size 1024K, 7 young (7168K), 7 survivors (7168K)
 Metaspace       used 67913K, capacity 70715K, committed 71016K, reserved 1112076K
  class space    used 7447K, capacity 8816K, committed 8928K, reserved 1048576K
}
Event: 48,652 GC heap before
{Heap before GC invocations=21 (full 0):
 garbage-first heap   total 497664K, used 363728K [0x000000075ae00000, 0x0000000800000000)
  region size 1024K, 243 young (248832K), 7 survivors (7168K)
 Metaspace       used 68533K, capacity 71409K, committed 71784K, reserved 1112076K
  class space    used 7468K, capacity 8822K, committed 8928K, reserved 1048576K
}
Event: 48,677 GC heap after
{Heap after GC invocations=22 (full 0):
 garbage-first heap   total 497664K, used 123446K [0x000000075ae00000, 0x0000000800000000)
  region size 1024K, 9 young (9216K), 9 survivors (9216K)
 Metaspace       used 68533K, capacity 71409K, committed 71784K, reserved 1112076K
  class space    used 7468K, capacity 8822K, committed 8928K, reserved 1048576K
}
Event: 54,617 GC heap before
{Heap before GC invocations=22 (full 0):
 garbage-first heap   total 497664K, used 370230K [0x000000075ae00000, 0x0000000800000000)
  region size 1024K, 250 young (256000K), 9 survivors (9216K)
 Metaspace       used 68836K, capacity 71735K, committed 72040K, reserved 1112076K
  class space    used 7474K, capacity 8822K, committed 8928K, reserved 1048576K
}
Event: 54,635 GC heap after
{Heap after GC invocations=23 (full 0):
 garbage-first heap   total 497664K, used 123088K [0x000000075ae00000, 0x0000000800000000)
  region size 1024K, 8 young (8192K), 8 survivors (8192K)
 Metaspace       used 68836K, capacity 71735K, committed 72040K, reserved 1112076K
  class space    used 7474K, capacity 8822K, committed 8928K, reserved 1048576K
}
Event: 59,364 GC heap before
{Heap before GC invocations=23 (full 0):
 garbage-first heap   total 497664K, used 385232K [0x000000075ae00000, 0x0000000800000000)
  region size 1024K, 264 young (270336K), 8 survivors (8192K)
 Metaspace       used 69179K, capacity 72067K, committed 72296K, reserved 1112076K
  class space    used 7488K, capacity 8822K, committed 8928K, reserved 1048576K
}
Event: 59,379 GC heap after
{Heap after GC invocations=24 (full 0):
 garbage-first heap   total 497664K, used 122064K [0x000000075ae00000, 0x0000000800000000)
  region size 1024K, 7 young (7168K), 7 survivors (7168K)
 Metaspace       used 69179K, capacity 72067K, committed 72296K, reserved 1112076K
  class space    used 7488K, capacity 8822K, committed 8928K, reserved 1048576K
}
Event: 63,642 GC heap before
{Heap before GC invocations=24 (full 0):
 garbage-first heap   total 497664K, used 393424K [0x000000075ae00000, 0x0000000800000000)
  region size 1024K, 272 young (278528K), 7 survivors (7168K)
 Metaspace       used 69573K, capacity 72441K, committed 72808K, reserved 1114124K
  class space    used 7496K, capacity 8854K, committed 8928K, reserved 1048576K
}
Event: 63,663 GC heap after
{Heap after GC invocations=25 (full 0):
 garbage-first heap   total 497664K, used 123323K [0x000000075ae00000, 0x0000000800000000)
  region size 1024K, 9 young (9216K), 9 survivors (9216K)
 Metaspace       used 69573K, capacity 72441K, committed 72808K, reserved 1114124K
  class space    used 7496K, capacity 8854K, committed 8928K, reserved 1048576K
}
Event: 67,184 GC heap before
{Heap before GC invocations=25 (full 0):
 garbage-first heap   total 497664K, used 398779K [0x000000075ae00000, 0x0000000800000000)
  region size 1024K, 278 young (284672K), 9 survivors (9216K)
 Metaspace       used 69862K, capacity 72704K, committed 73064K, reserved 1114124K
  class space    used 7505K, capacity 8854K, committed 8928K, reserved 1048576K
}
Event: 67,197 GC heap after
{Heap after GC invocations=26 (full 0):
 garbage-first heap   total 497664K, used 124096K [0x000000075ae00000, 0x0000000800000000)
  region size 1024K, 9 young (9216K), 9 survivors (9216K)
 Metaspace       used 69862K, capacity 72704K, committed 73064K, reserved 1114124K
  class space    used 7505K, capacity 8854K, committed 8928K, reserved 1048576K
}

