[0m[[0m[0mdebug[0m] [0m[0m> Exec(test, None, None)[0m
[0m[[0m[0mdebug[0m] [0m[0mEvaluating tasks: Test / test[0m
[0m[[0m[0mdebug[0m] [0m[0mRunning task... Cancel: Signal, check cycles: false, forcegc: true[0m
[0m[[0m[33mwarn[0m] [0m[0mThere may be incompatibilities among your library dependencies; run 'evicted' to see detailed eviction warnings.[0m
[0m[[0m[0minfo[0m] [0m[0mcompiling 1 Scala source to /Users/kevin/Documents/VUB/Phd/Programming/Scala/CRDT Proofs/target/scala-2.13/classes ...[0m
[0m[[0m[0minfo[0m] [0m[0mdone compiling[0m
[0m[[0m[0minfo[0m] [0m[0mcompiling 4 Scala sources to /Users/kevin/Documents/VUB/Phd/Programming/Scala/CRDT Proofs/target/scala-2.13/test-classes ...[0m
[0m[[0m[0minfo[0m] [0m[0mdone compiling[0m
[0m[[0m[0minfo[0m] [0m[0m[32mHaskellTest:[0m[0m
[0m[[0m[0minfo[0m] [0m[0m[32mHaskell trait[0m[0m
[0m[[0m[0minfo[0m] [0m[0m[31m- should provide correct updateLookupWithKeyTest function *** FAILED ***[0m[0m
[0m[[0m[0minfo[0m] [0m[0m[31m  java.util.NoSuchElementException: None.get[0m[0m
[0m[[0m[0minfo[0m] [0m[0m[31m  at scala.None$.get(Option.scala:627)[0m[0m
[0m[[0m[0minfo[0m] [0m[0m[31m  at scala.None$.get(Option.scala:626)[0m[0m
[0m[[0m[0minfo[0m] [0m[0m[31m  at be.vub.kdeporre.VeriFx.Analysis.Proofs$.checkProof(Proofs.scala:56)[0m[0m
[0m[[0m[0minfo[0m] [0m[0m[31m  at be.vub.kdeporre.VeriFx.Compiler.ProgramCompiler.checkProof(ProgramCompiler.scala:210)[0m[0m
[0m[[0m[0minfo[0m] [0m[0m[31m  at be.vub.kdeporre.VeriFx.Compiler.ProjectCompiler.checkProof(ProjectCompiler.scala:254)[0m[0m
[0m[[0m[0minfo[0m] [0m[0m[31m  at be.vub.kdeporre.crdtproofs.Prover.prove(Prover.scala:15)[0m[0m
[0m[[0m[0minfo[0m] [0m[0m[31m  at be.vub.kdeporre.crdtproofs.Prover.prove$(Prover.scala:14)[0m[0m
[0m[[0m[0minfo[0m] [0m[0m[31m  at be.vub.kdeporre.crdtproofs.sets.HaskellTest.prove(HaskellTest.scala:6)[0m[0m
[0m[[0m[0minfo[0m] [0m[0m[31m  at be.vub.kdeporre.crdtproofs.sets.HaskellTest.$anonfun$new$1(HaskellTest.scala:9)[0m[0m
[0m[[0m[0minfo[0m] [0m[0m[31m  at org.scalatest.OutcomeOf.outcomeOf(OutcomeOf.scala:85)[0m[0m
[0m[[0m[0minfo[0m] [0m[0m[31m  ...[0m[0m
[0m[[0m[0minfo[0m] [0m[0m[31m- should provide correct odd function *** FAILED ***[0m[0m
[0m[[0m[0minfo[0m] [0m[0m[31m  java.util.NoSuchElementException: None.get[0m[0m
[0m[[0m[0minfo[0m] [0m[0m[31m  at scala.None$.get(Option.scala:627)[0m[0m
[0m[[0m[0minfo[0m] [0m[0m[31m  at scala.None$.get(Option.scala:626)[0m[0m
[0m[[0m[0minfo[0m] [0m[0m[31m  at be.vub.kdeporre.VeriFx.Analysis.Proofs$.checkProof(Proofs.scala:56)[0m[0m
[0m[[0m[0minfo[0m] [0m[0m[31m  at be.vub.kdeporre.VeriFx.Compiler.ProgramCompiler.checkProof(ProgramCompiler.scala:210)[0m[0m
[0m[[0m[0minfo[0m] [0m[0m[31m  at be.vub.kdeporre.VeriFx.Compiler.ProjectCompiler.checkProof(ProjectCompiler.scala:254)[0m[0m
[0m[[0m[0minfo[0m] [0m[0m[31m  at be.vub.kdeporre.crdtproofs.Prover.prove(Prover.scala:15)[0m[0m
[0m[[0m[0minfo[0m] [0m[0m[31m  at be.vub.kdeporre.crdtproofs.Prover.prove$(Prover.scala:14)[0m[0m
[0m[[0m[0minfo[0m] [0m[0m[31m  at be.vub.kdeporre.crdtproofs.sets.HaskellTest.prove(HaskellTest.scala:6)[0m[0m
[0m[[0m[0minfo[0m] [0m[0m[31m  at be.vub.kdeporre.crdtproofs.sets.HaskellTest.$anonfun$new$2(HaskellTest.scala:14)[0m[0m
[0m[[0m[0minfo[0m] [0m[0m[31m  at org.scalatest.OutcomeOf.outcomeOf(OutcomeOf.scala:85)[0m[0m
[0m[[0m[0minfo[0m] [0m[0m[31m  ...[0m[0m
[0m[[0m[0minfo[0m] [0m[0m[31m- should provide correct maybe function *** FAILED ***[0m[0m
[0m[[0m[0minfo[0m] [0m[0m[31m  java.util.NoSuchElementException: None.get[0m[0m
[0m[[0m[0minfo[0m] [0m[0m[31m  at scala.None$.get(Option.scala:627)[0m[0m
[0m[[0m[0minfo[0m] [0m[0m[31m  at scala.None$.get(Option.scala:626)[0m[0m
[0m[[0m[0minfo[0m] [0m[0m[31m  at be.vub.kdeporre.VeriFx.Analysis.Proofs$.checkProof(Proofs.scala:56)[0m[0m
[0m[[0m[0minfo[0m] [0m[0m[31m  at be.vub.kdeporre.VeriFx.Compiler.ProgramCompiler.checkProof(ProgramCompiler.scala:210)[0m[0m
[0m[[0m[0minfo[0m] [0m[0m[31m  at be.vub.kdeporre.VeriFx.Compiler.ProjectCompiler.checkProof(ProjectCompiler.scala:254)[0m[0m
[0m[[0m[0minfo[0m] [0m[0m[31m  at be.vub.kdeporre.crdtproofs.Prover.prove(Prover.scala:15)[0m[0m
[0m[[0m[0minfo[0m] [0m[0m[31m  at be.vub.kdeporre.crdtproofs.Prover.prove$(Prover.scala:14)[0m[0m
[0m[[0m[0minfo[0m] [0m[0m[31m  at be.vub.kdeporre.crdtproofs.sets.HaskellTest.prove(HaskellTest.scala:6)[0m[0m
[0m[[0m[0minfo[0m] [0m[0m[31m  at be.vub.kdeporre.crdtproofs.sets.HaskellTest.$anonfun$new$3(HaskellTest.scala:19)[0m[0m
[0m[[0m[0minfo[0m] [0m[0m[31m  at org.scalatest.OutcomeOf.outcomeOf(OutcomeOf.scala:85)[0m[0m
[0m[[0m[0minfo[0m] [0m[0m[31m  ...[0m[0m
[0m[[0m[0minfo[0m] [0m[0m[31m- should provide correct foldrTest function *** FAILED ***[0m[0m
[0m[[0m[0minfo[0m] [0m[0m[31m  java.util.NoSuchElementException: None.get[0m[0m
[0m[[0m[0minfo[0m] [0m[0m[31m  at scala.None$.get(Option.scala:627)[0m[0m
[0m[[0m[0minfo[0m] [0m[0m[31m  at scala.None$.get(Option.scala:626)[0m[0m
[0m[[0m[0minfo[0m] [0m[0m[31m  at be.vub.kdeporre.VeriFx.Analysis.Proofs$.checkProof(Proofs.scala:56)[0m[0m
[0m[[0m[0minfo[0m] [0m[0m[31m  at be.vub.kdeporre.VeriFx.Compiler.ProgramCompiler.checkProof(ProgramCompiler.scala:210)[0m[0m
[0m[[0m[0minfo[0m] [0m[0m[31m  at be.vub.kdeporre.VeriFx.Compiler.ProjectCompiler.checkProof(ProjectCompiler.scala:254)[0m[0m
[0m[[0m[0minfo[0m] [0m[0m[31m  at be.vub.kdeporre.crdtproofs.Prover.prove(Prover.scala:15)[0m[0m
[0m[[0m[0minfo[0m] [0m[0m[31m  at be.vub.kdeporre.crdtproofs.Prover.prove$(Prover.scala:14)[0m[0m
[0m[[0m[0minfo[0m] [0m[0m[31m  at be.vub.kdeporre.crdtproofs.sets.HaskellTest.prove(HaskellTest.scala:6)[0m[0m
[0m[[0m[0minfo[0m] [0m[0m[31m  at be.vub.kdeporre.crdtproofs.sets.HaskellTest.$anonfun$new$4(HaskellTest.scala:24)[0m[0m
[0m[[0m[0minfo[0m] [0m[0m[31m  at org.scalatest.OutcomeOf.outcomeOf(OutcomeOf.scala:85)[0m[0m
[0m[[0m[0minfo[0m] [0m[0m[31m  ...[0m[0m
[0m[[0m[0minfo[0m] [0m[0m[31m- should provide correct isJust function *** FAILED ***[0m[0m
[0m[[0m[0minfo[0m] [0m[0m[31m  java.util.NoSuchElementException: None.get[0m[0m
[0m[[0m[0minfo[0m] [0m[0m[31m  at scala.None$.get(Option.scala:627)[0m[0m
[0m[[0m[0minfo[0m] [0m[0m[31m  at scala.None$.get(Option.scala:626)[0m[0m
[0m[[0m[0minfo[0m] [0m[0m[31m  at be.vub.kdeporre.VeriFx.Analysis.Proofs$.checkProof(Proofs.scala:56)[0m[0m
[0m[[0m[0minfo[0m] [0m[0m[31m  at be.vub.kdeporre.VeriFx.Compiler.ProgramCompiler.checkProof(ProgramCompiler.scala:210)[0m[0m
[0m[[0m[0minfo[0m] [0m[0m[31m  at be.vub.kdeporre.VeriFx.Compiler.ProjectCompiler.checkProof(ProjectCompiler.scala:254)[0m[0m
[0m[[0m[0minfo[0m] [0m[0m[31m  at be.vub.kdeporre.crdtproofs.Prover.prove(Prover.scala:15)[0m[0m
[0m[[0m[0minfo[0m] [0m[0m[31m  at be.vub.kdeporre.crdtproofs.Prover.prove$(Prover.scala:14)[0m[0m
[0m[[0m[0minfo[0m] [0m[0m[31m  at be.vub.kdeporre.crdtproofs.sets.HaskellTest.prove(HaskellTest.scala:6)[0m[0m
[0m[[0m[0minfo[0m] [0m[0m[31m  at be.vub.kdeporre.crdtproofs.sets.HaskellTest.$anonfun$new$5(HaskellTest.scala:29)[0m[0m
[0m[[0m[0minfo[0m] [0m[0m[31m  at org.scalatest.OutcomeOf.outcomeOf(OutcomeOf.scala:85)[0m[0m
[0m[[0m[0minfo[0m] [0m[0m[31m  ...[0m[0m
