[0m[[0m[0mdebug[0m] [0m[0m> Exec(test, None, None)[0m
[0m[[0m[0mdebug[0m] [0m[0mEvaluating tasks: Test / test[0m
[0m[[0m[0mdebug[0m] [0m[0mRunning task... Cancel: Signal, check cycles: false, forcegc: true[0m
[0m[[0m[33mwarn[0m] [0m[0mThere may be incompatibilities among your library dependencies; run 'evicted' to see detailed eviction warnings.[0m
[0m[[0m[0minfo[0m] [0m[0mcompiling 1 Scala source to /Users/kevin/Documents/VUB/Phd/Programming/Scala/CRDT Proofs/target/scala-2.13/classes ...[0m
[0m[[0m[0minfo[0m] [0m[0mdone compiling[0m
[0m[[0m[0minfo[0m] [0m[0mcompiling 4 Scala sources to /Users/kevin/Documents/VUB/Phd/Programming/Scala/CRDT Proofs/target/scala-2.13/test-classes ...[0m
[0m[[0m[0minfo[0m] [0m[0mdone compiling[0m
[0m[[0m[0minfo[0m] [0m[0m[32mHaskellTest:[0m[0m
[0m[[0m[0minfo[0m] [0m[0m[32mHaskell trait[0m[0m
[0m[[0m[0minfo[0m] [0m[0m[31m- should provide correct updateLookupWithKeyTest function *** FAILED ***[0m[0m
[0m[[0m[0minfo[0m] [0m[0m[31m  com.microsoft.z3.Z3Exception: (error "line 195 column 117: unknown function/constant HaskellTest_foldrHelper<HaskellTest_foldr<A>><HaskellTest_foldr<B>>")[0m[0m
[0m[[0m[0minfo[0m] [0m[0m[31m  at com.microsoft.z3.Native.parseSmtlib2String(Native.java:3901)[0m[0m
[0m[[0m[0minfo[0m] [0m[0m[31m  at com.microsoft.z3.Context.parseSMTLIB2String(Context.java:2639)[0m[0m
[0m[[0m[0minfo[0m] [0m[0m[31m  at be.vub.kdeporre.VeriFx.Analysis.Z3Prover.proveInternal(Z3Prover.scala:33)[0m[0m
[0m[[0m[0minfo[0m] [0m[0m[31m  at be.vub.kdeporre.VeriFx.Analysis.Z3Prover.prove(Z3Prover.scala:62)[0m[0m
[0m[[0m[0minfo[0m] [0m[0m[31m  at be.vub.kdeporre.VeriFx.Analysis.Z3Prover.prove$(Z3Prover.scala:61)[0m[0m
[0m[[0m[0minfo[0m] [0m[0m[31m  at be.vub.kdeporre.VeriFx.Analysis.Proofs$$anon$1.prove(Proofs.scala:85)[0m[0m
[0m[[0m[0minfo[0m] [0m[0m[31m  at be.vub.kdeporre.VeriFx.Analysis.Proofs$.checkProof(Proofs.scala:88)[0m[0m
[0m[[0m[0minfo[0m] [0m[0m[31m  at be.vub.kdeporre.VeriFx.Compiler.ProgramCompiler.checkProof(ProgramCompiler.scala:210)[0m[0m
[0m[[0m[0minfo[0m] [0m[0m[31m  at be.vub.kdeporre.VeriFx.Compiler.ProjectCompiler.checkProof(ProjectCompiler.scala:254)[0m[0m
[0m[[0m[0minfo[0m] [0m[0m[31m  at be.vub.kdeporre.crdtproofs.Prover.prove(Prover.scala:15)[0m[0m
[0m[[0m[0minfo[0m] [0m[0m[31m  ...[0m[0m
[0m[[0m[0minfo[0m] [0m[0m[31m- should provide correct odd function *** FAILED ***[0m[0m
[0m[[0m[0minfo[0m] [0m[0m[31m  com.microsoft.z3.Z3Exception: (error "line 195 column 117: unknown function/constant HaskellTest_foldrHelper<HaskellTest_foldr<A>><HaskellTest_foldr<B>>")[0m[0m
[0m[[0m[0minfo[0m] [0m[0m[31m  at com.microsoft.z3.Native.parseSmtlib2String(Native.java:3901)[0m[0m
[0m[[0m[0minfo[0m] [0m[0m[31m  at com.microsoft.z3.Context.parseSMTLIB2String(Context.java:2639)[0m[0m
[0m[[0m[0minfo[0m] [0m[0m[31m  at be.vub.kdeporre.VeriFx.Analysis.Z3Prover.proveInternal(Z3Prover.scala:33)[0m[0m
[0m[[0m[0minfo[0m] [0m[0m[31m  at be.vub.kdeporre.VeriFx.Analysis.Z3Prover.prove(Z3Prover.scala:62)[0m[0m
[0m[[0m[0minfo[0m] [0m[0m[31m  at be.vub.kdeporre.VeriFx.Analysis.Z3Prover.prove$(Z3Prover.scala:61)[0m[0m
[0m[[0m[0minfo[0m] [0m[0m[31m  at be.vub.kdeporre.VeriFx.Analysis.Proofs$$anon$1.prove(Proofs.scala:85)[0m[0m
[0m[[0m[0minfo[0m] [0m[0m[31m  at be.vub.kdeporre.VeriFx.Analysis.Proofs$.checkProof(Proofs.scala:88)[0m[0m
[0m[[0m[0minfo[0m] [0m[0m[31m  at be.vub.kdeporre.VeriFx.Compiler.ProgramCompiler.checkProof(ProgramCompiler.scala:210)[0m[0m
[0m[[0m[0minfo[0m] [0m[0m[31m  at be.vub.kdeporre.VeriFx.Compiler.ProjectCompiler.checkProof(ProjectCompiler.scala:254)[0m[0m
[0m[[0m[0minfo[0m] [0m[0m[31m  at be.vub.kdeporre.crdtproofs.Prover.prove(Prover.scala:15)[0m[0m
[0m[[0m[0minfo[0m] [0m[0m[31m  ...[0m[0m
[0m[[0m[0minfo[0m] [0m[0m[31m- should provide correct maybe function *** FAILED ***[0m[0m
[0m[[0m[0minfo[0m] [0m[0m[31m  com.microsoft.z3.Z3Exception: (error "line 195 column 117: unknown function/constant HaskellTest_foldrHelper<HaskellTest_foldr<A>><HaskellTest_foldr<B>>")[0m[0m
[0m[[0m[0minfo[0m] [0m[0m[31m  at com.microsoft.z3.Native.parseSmtlib2String(Native.java:3901)[0m[0m
[0m[[0m[0minfo[0m] [0m[0m[31m  at com.microsoft.z3.Context.parseSMTLIB2String(Context.java:2639)[0m[0m
[0m[[0m[0minfo[0m] [0m[0m[31m  at be.vub.kdeporre.VeriFx.Analysis.Z3Prover.proveInternal(Z3Prover.scala:33)[0m[0m
[0m[[0m[0minfo[0m] [0m[0m[31m  at be.vub.kdeporre.VeriFx.Analysis.Z3Prover.prove(Z3Prover.scala:62)[0m[0m
[0m[[0m[0minfo[0m] [0m[0m[31m  at be.vub.kdeporre.VeriFx.Analysis.Z3Prover.prove$(Z3Prover.scala:61)[0m[0m
[0m[[0m[0minfo[0m] [0m[0m[31m  at be.vub.kdeporre.VeriFx.Analysis.Proofs$$anon$1.prove(Proofs.scala:85)[0m[0m
[0m[[0m[0minfo[0m] [0m[0m[31m  at be.vub.kdeporre.VeriFx.Analysis.Proofs$.checkProof(Proofs.scala:88)[0m[0m
[0m[[0m[0minfo[0m] [0m[0m[31m  at be.vub.kdeporre.VeriFx.Compiler.ProgramCompiler.checkProof(ProgramCompiler.scala:210)[0m[0m
[0m[[0m[0minfo[0m] [0m[0m[31m  at be.vub.kdeporre.VeriFx.Compiler.ProjectCompiler.checkProof(ProjectCompiler.scala:254)[0m[0m
[0m[[0m[0minfo[0m] [0m[0m[31m  at be.vub.kdeporre.crdtproofs.Prover.prove(Prover.scala:15)[0m[0m
[0m[[0m[0minfo[0m] [0m[0m[31m  ...[0m[0m
[0m[[0m[0minfo[0m] [0m[0m[31m- should provide correct foldrTest function *** FAILED ***[0m[0m
[0m[[0m[0minfo[0m] [0m[0m[31m  com.microsoft.z3.Z3Exception: (error "line 195 column 117: unknown function/constant HaskellTest_foldrHelper<HaskellTest_foldr<A>><HaskellTest_foldr<B>>")[0m[0m
[0m[[0m[0minfo[0m] [0m[0m[31m  at com.microsoft.z3.Native.parseSmtlib2String(Native.java:3901)[0m[0m
[0m[[0m[0minfo[0m] [0m[0m[31m  at com.microsoft.z3.Context.parseSMTLIB2String(Context.java:2639)[0m[0m
[0m[[0m[0minfo[0m] [0m[0m[31m  at be.vub.kdeporre.VeriFx.Analysis.Z3Prover.proveInternal(Z3Prover.scala:33)[0m[0m
[0m[[0m[0minfo[0m] [0m[0m[31m  at be.vub.kdeporre.VeriFx.Analysis.Z3Prover.prove(Z3Prover.scala:62)[0m[0m
[0m[[0m[0minfo[0m] [0m[0m[31m  at be.vub.kdeporre.VeriFx.Analysis.Z3Prover.prove$(Z3Prover.scala:61)[0m[0m
[0m[[0m[0minfo[0m] [0m[0m[31m  at be.vub.kdeporre.VeriFx.Analysis.Proofs$$anon$1.prove(Proofs.scala:85)[0m[0m
[0m[[0m[0minfo[0m] [0m[0m[31m  at be.vub.kdeporre.VeriFx.Analysis.Proofs$.checkProof(Proofs.scala:88)[0m[0m
[0m[[0m[0minfo[0m] [0m[0m[31m  at be.vub.kdeporre.VeriFx.Compiler.ProgramCompiler.checkProof(ProgramCompiler.scala:210)[0m[0m
[0m[[0m[0minfo[0m] [0m[0m[31m  at be.vub.kdeporre.VeriFx.Compiler.ProjectCompiler.checkProof(ProjectCompiler.scala:254)[0m[0m
[0m[[0m[0minfo[0m] [0m[0m[31m  at be.vub.kdeporre.crdtproofs.Prover.prove(Prover.scala:15)[0m[0m
[0m[[0m[0minfo[0m] [0m[0m[31m  ...[0m[0m
[0m[[0m[0minfo[0m] [0m[0m[31m- should provide correct isJust function *** FAILED ***[0m[0m
[0m[[0m[0minfo[0m] [0m[0m[31m  com.microsoft.z3.Z3Exception: (error "line 195 column 117: unknown function/constant HaskellTest_foldrHelper<HaskellTest_foldr<A>><HaskellTest_foldr<B>>")[0m[0m
[0m[[0m[0minfo[0m] [0m[0m[31m  at com.microsoft.z3.Native.parseSmtlib2String(Native.java:3901)[0m[0m
[0m[[0m[0minfo[0m] [0m[0m[31m  at com.microsoft.z3.Context.parseSMTLIB2String(Context.java:2639)[0m[0m
[0m[[0m[0minfo[0m] [0m[0m[31m  at be.vub.kdeporre.VeriFx.Analysis.Z3Prover.proveInternal(Z3Prover.scala:33)[0m[0m
[0m[[0m[0minfo[0m] [0m[0m[31m  at be.vub.kdeporre.VeriFx.Analysis.Z3Prover.prove(Z3Prover.scala:62)[0m[0m
[0m[[0m[0minfo[0m] [0m[0m[31m  at be.vub.kdeporre.VeriFx.Analysis.Z3Prover.prove$(Z3Prover.scala:61)[0m[0m
[0m[[0m[0minfo[0m] [0m[0m[31m  at be.vub.kdeporre.VeriFx.Analysis.Proofs$$anon$1.prove(Proofs.scala:85)[0m[0m
[0m[[0m[0minfo[0m] [0m[0m[31m  at be.vub.kdeporre.VeriFx.Analysis.Proofs$.checkProof(Proofs.scala:88)[0m[0m
[0m[[0m[0minfo[0m] [0m[0m[31m  at be.vub.kdeporre.VeriFx.Compiler.ProgramCompiler.checkProof(ProgramCompiler.scala:210)[0m[0m
[0m[[0m[0minfo[0m] [0m[0m[31m  at be.vub.kdeporre.VeriFx.Compiler.ProjectCompiler.checkProof(ProjectCompiler.scala:254)[0m[0m
[0m[[0m[0minfo[0m] [0m[0m[31m  at be.vub.kdeporre.crdtproofs.Prover.prove(Prover.scala:15)[0m[0m
[0m[[0m[0minfo[0m] [0m[0m[31m  ...[0m[0m
